<?xml version="1.0" encoding="UTF-8"?>
<!-- Generated by org.testng.reporters.JUnitReportReporter -->
<testsuite hostname="nkumar15" failures="0" tests="1" name="com.training.sanity.tests.Retc_052" time="49.290" errors="0" timestamp="19 Jun 2019 09:52:49 GMT" skipped="0">
  <testcase classname="com.training.sanity.tests.Retc_052" name="validLoginTest" time="49.290"/>
</testsuite> <!-- com.training.sanity.tests.Retc_052 -->
