<?xml version="1.0" encoding="UTF-8"?>
<!-- Generated by org.testng.reporters.JUnitReportReporter -->
<testsuite hostname="nkumar15" failures="0" tests="1" name="com.training.sanity.tests.Retc_051" time="22.946" errors="0" timestamp="19 Jun 2019 08:10:44 GMT" skipped="0">
  <testcase classname="com.training.sanity.tests.Retc_051" name="validLoginTest" time="22.946"/>
</testsuite> <!-- com.training.sanity.tests.Retc_051 -->
