<?xml version="1.0" encoding="UTF-8"?>
<!-- Generated by org.testng.reporters.JUnitReportReporter -->
<testsuite hostname="nkumar15" failures="0" tests="1" name="com.training.sanity.tests.Retc_076" time="52.799" errors="0" timestamp="29 Jun 2019 09:17:38 GMT" skipped="0">
  <testcase classname="com.training.sanity.tests.Retc_076" name="validLoginTest" time="52.799"/>
</testsuite> <!-- com.training.sanity.tests.Retc_076 -->
