<?xml version="1.0" encoding="UTF-8"?>
<!-- Generated by org.testng.reporters.JUnitReportReporter -->
<testsuite hostname="nkumar15" failures="0" tests="1" name="com.training.sanity.tests.Retc_054" time="33.667" errors="0" timestamp="08 Jul 2019 16:14:34 GMT" skipped="0">
  <testcase classname="com.training.sanity.tests.Retc_054" name="validLoginTest" time="33.667"/>
</testsuite> <!-- com.training.sanity.tests.Retc_054 -->
