<?xml version="1.0" encoding="UTF-8"?>
<!-- Generated by org.testng.reporters.JUnitReportReporter -->
<testsuite hostname="nkumar15" failures="0" tests="1" name="com.training.sanity.tests.Retc_018" time="62.417" errors="0" timestamp="18 Jun 2019 04:11:38 GMT" skipped="0">
  <testcase classname="com.training.sanity.tests.Retc_018" name="validLoginTest" time="62.417"/>
</testsuite> <!-- com.training.sanity.tests.Retc_018 -->
