<?xml version="1.0" encoding="UTF-8"?>
<!-- Generated by org.testng.reporters.JUnitReportReporter -->
<testsuite hostname="nkumar15" failures="0" tests="1" name="com.training.sanity.tests.LoginRealestate" time="38.761" errors="0" timestamp="13 Jun 2019 04:36:11 GMT" skipped="0">
  <testcase classname="com.training.sanity.tests.LoginRealestate" name="validLoginTest" time="38.761"/>
</testsuite> <!-- com.training.sanity.tests.LoginRealestate -->
