<?xml version="1.0" encoding="UTF-8"?>
<!-- Generated by org.testng.reporters.JUnitReportReporter -->
<testsuite hostname="nkumar15" failures="0" tests="2" name="com.training.regression.tests.LoginDBTest" time="51.760" errors="0" timestamp="26 Jun 2019 05:18:41 GMT" skipped="0">
  <testcase classname="com.training.regression.tests.LoginDBTest" name="loginDBTest" time="25.825"/>
  <testcase classname="com.training.regression.tests.LoginDBTest" name="loginDBTest" time="25.935"/>
</testsuite> <!-- com.training.regression.tests.LoginDBTest -->
