<?xml version="1.0" encoding="UTF-8"?>
<!-- Generated by org.testng.reporters.JUnitReportReporter -->
<testsuite hostname="nkumar15" failures="0" tests="1" name="com.training.sanity.tests.Retc_077" time="54.063" errors="0" timestamp="29 Jun 2019 09:26:23 GMT" skipped="0">
  <testcase classname="com.training.sanity.tests.Retc_077" name="validLoginTest" time="54.063"/>
</testsuite> <!-- com.training.sanity.tests.Retc_077 -->
