<?xml version="1.0" encoding="UTF-8"?>
<!-- Generated by org.testng.reporters.JUnitReportReporter -->
<testsuite hostname="nkumar15" failures="0" tests="1" name="com.training.sanity.tests.Teststep2" time="23.535" errors="0" timestamp="17 Jun 2019 06:36:37 GMT" skipped="0">
  <testcase classname="com.training.sanity.tests.Teststep2" name="validLoginTest" time="23.535"/>
</testsuite> <!-- com.training.sanity.tests.Teststep2 -->
